<?xml version="1.0" encoding="UTF-8" ?>
<testsuite failures="0" time="2.258" errors="0" skipped="0" tests="15" name="cz.muni.fi.pv168.rent.VehicleManagerImplTest">
  <properties>
    <property name="java.runtime.name" value="OpenJDK Runtime Environment"/>
    <property name="sun.boot.library.path" value="/usr/lib/jvm/java-7-openjdk-amd64/jre/lib/amd64"/>
    <property name="java.vm.version" value="24.79-b02"/>
    <property name="java.vm.vendor" value="Oracle Corporation"/>
    <property name="java.vendor.url" value="http://java.oracle.com/"/>
    <property name="path.separator" value=":"/>
    <property name="java.vm.name" value="OpenJDK 64-Bit Server VM"/>
    <property name="file.encoding.pkg" value="sun.io"/>
    <property name="user.country" value="US"/>
    <property name="sun.java.launcher" value="SUN_STANDARD"/>
    <property name="sun.os.patch.level" value="unknown"/>
    <property name="java.vm.specification.name" value="Java Virtual Machine Specification"/>
    <property name="user.dir" value="/home/rs/programming/pv168/pr/rentFinal"/>
    <property name="java.runtime.version" value="1.7.0_79-b14"/>
    <property name="java.awt.graphicsenv" value="sun.awt.X11GraphicsEnvironment"/>
    <property name="basedir" value="/home/rs/programming/pv168/pr/rentFinal"/>
    <property name="java.endorsed.dirs" value="/usr/lib/jvm/java-7-openjdk-amd64/jre/lib/endorsed"/>
    <property name="os.arch" value="amd64"/>
    <property name="surefire.real.class.path" value="/home/rs/programming/pv168/pr/rentFinal/target/surefire/surefirebooter3081180165478882697.jar"/>
    <property name="java.io.tmpdir" value="/tmp"/>
    <property name="line.separator" value="
"/>
    <property name="java.vm.specification.vendor" value="Oracle Corporation"/>
    <property name="os.name" value="Linux"/>
    <property name="sun.jnu.encoding" value="UTF-8"/>
    <property name="java.library.path" value="/usr/java/packages/lib/amd64:/usr/lib/x86_64-linux-gnu/jni:/lib/x86_64-linux-gnu:/usr/lib/x86_64-linux-gnu:/usr/lib/jni:/lib:/usr/lib"/>
    <property name="surefire.test.class.path" value="/home/rs/programming/pv168/pr/rentFinal/target/test-classes:/home/rs/programming/pv168/pr/rentFinal/target/classes:/home/rs/.m2/repository/org/apache/tomcat/tomcat-dbcp/8.0.5/tomcat-dbcp-8.0.5.jar:/home/rs/.m2/repository/org/apache/tomcat/tomcat-juli/8.0.5/tomcat-juli-8.0.5.jar:/home/rs/.m2/repository/org/apache/derby/derbyclient/10.10.1.1/derbyclient-10.10.1.1.jar:/home/rs/.m2/repository/org/apache/derby/derbynet/10.10.1.1/derbynet-10.10.1.1.jar:/home/rs/.m2/repository/org/apache/derby/derby/10.10.1.1/derby-10.10.1.1.jar:/home/rs/.m2/repository/ch/qos/logback/logback-classic/1.1.2/logback-classic-1.1.2.jar:/home/rs/.m2/repository/ch/qos/logback/logback-core/1.1.2/logback-core-1.1.2.jar:/home/rs/.m2/repository/org/slf4j/slf4j-api/1.7.6/slf4j-api-1.7.6.jar:/home/rs/.m2/repository/org/codehaus/janino/janino/2.6.1/janino-2.6.1.jar:/home/rs/.m2/repository/org/codehaus/janino/commons-compiler/2.6.1/commons-compiler-2.6.1.jar:/home/rs/.m2/repository/com/toedter/jcalendar/1.4/jcalendar-1.4.jar:/home/rs/.m2/repository/junit/junit/4.11/junit-4.11.jar:/home/rs/.m2/repository/org/hamcrest/hamcrest-core/1.3/hamcrest-core-1.3.jar:/home/rs/.m2/repository/org/hamcrest/hamcrest-integration/1.3/hamcrest-integration-1.3.jar:/home/rs/.m2/repository/org/hamcrest/hamcrest-library/1.3/hamcrest-library-1.3.jar:/home/rs/.m2/repository/org/springframework/spring-context/3.2.2.RELEASE/spring-context-3.2.2.RELEASE.jar:/home/rs/.m2/repository/org/springframework/spring-aop/3.2.2.RELEASE/spring-aop-3.2.2.RELEASE.jar:/home/rs/.m2/repository/aopalliance/aopalliance/1.0/aopalliance-1.0.jar:/home/rs/.m2/repository/org/springframework/spring-beans/3.2.2.RELEASE/spring-beans-3.2.2.RELEASE.jar:/home/rs/.m2/repository/org/springframework/spring-core/3.2.2.RELEASE/spring-core-3.2.2.RELEASE.jar:/home/rs/.m2/repository/commons-logging/commons-logging/1.1.1/commons-logging-1.1.1.jar:/home/rs/.m2/repository/org/springframework/spring-expression/3.2.2.RELEASE/spring-expression-3.2.2.RELEASE.jar:/home/rs/.m2/repository/org/springframework/spring-jdbc/3.2.2.RELEASE/spring-jdbc-3.2.2.RELEASE.jar:/home/rs/.m2/repository/org/springframework/spring-tx/3.2.2.RELEASE/spring-tx-3.2.2.RELEASE.jar:"/>
    <property name="java.specification.name" value="Java Platform API Specification"/>
    <property name="java.class.version" value="51.0"/>
    <property name="sun.management.compiler" value="HotSpot 64-Bit Tiered Compilers"/>
    <property name="os.version" value="3.13.0-63-generic"/>
    <property name="user.home" value="/home/rs"/>
    <property name="user.timezone" value="Europe/Vienna"/>
    <property name="java.awt.printerjob" value="sun.print.PSPrinterJob"/>
    <property name="file.encoding" value="UTF-8"/>
    <property name="java.specification.version" value="1.7"/>
    <property name="user.name" value="rs"/>
    <property name="java.class.path" value="/home/rs/programming/pv168/pr/rentFinal/target/test-classes:/home/rs/programming/pv168/pr/rentFinal/target/classes:/home/rs/.m2/repository/org/apache/tomcat/tomcat-dbcp/8.0.5/tomcat-dbcp-8.0.5.jar:/home/rs/.m2/repository/org/apache/tomcat/tomcat-juli/8.0.5/tomcat-juli-8.0.5.jar:/home/rs/.m2/repository/org/apache/derby/derbyclient/10.10.1.1/derbyclient-10.10.1.1.jar:/home/rs/.m2/repository/org/apache/derby/derbynet/10.10.1.1/derbynet-10.10.1.1.jar:/home/rs/.m2/repository/org/apache/derby/derby/10.10.1.1/derby-10.10.1.1.jar:/home/rs/.m2/repository/ch/qos/logback/logback-classic/1.1.2/logback-classic-1.1.2.jar:/home/rs/.m2/repository/ch/qos/logback/logback-core/1.1.2/logback-core-1.1.2.jar:/home/rs/.m2/repository/org/slf4j/slf4j-api/1.7.6/slf4j-api-1.7.6.jar:/home/rs/.m2/repository/org/codehaus/janino/janino/2.6.1/janino-2.6.1.jar:/home/rs/.m2/repository/org/codehaus/janino/commons-compiler/2.6.1/commons-compiler-2.6.1.jar:/home/rs/.m2/repository/com/toedter/jcalendar/1.4/jcalendar-1.4.jar:/home/rs/.m2/repository/junit/junit/4.11/junit-4.11.jar:/home/rs/.m2/repository/org/hamcrest/hamcrest-core/1.3/hamcrest-core-1.3.jar:/home/rs/.m2/repository/org/hamcrest/hamcrest-integration/1.3/hamcrest-integration-1.3.jar:/home/rs/.m2/repository/org/hamcrest/hamcrest-library/1.3/hamcrest-library-1.3.jar:/home/rs/.m2/repository/org/springframework/spring-context/3.2.2.RELEASE/spring-context-3.2.2.RELEASE.jar:/home/rs/.m2/repository/org/springframework/spring-aop/3.2.2.RELEASE/spring-aop-3.2.2.RELEASE.jar:/home/rs/.m2/repository/aopalliance/aopalliance/1.0/aopalliance-1.0.jar:/home/rs/.m2/repository/org/springframework/spring-beans/3.2.2.RELEASE/spring-beans-3.2.2.RELEASE.jar:/home/rs/.m2/repository/org/springframework/spring-core/3.2.2.RELEASE/spring-core-3.2.2.RELEASE.jar:/home/rs/.m2/repository/commons-logging/commons-logging/1.1.1/commons-logging-1.1.1.jar:/home/rs/.m2/repository/org/springframework/spring-expression/3.2.2.RELEASE/spring-expression-3.2.2.RELEASE.jar:/home/rs/.m2/repository/org/springframework/spring-jdbc/3.2.2.RELEASE/spring-jdbc-3.2.2.RELEASE.jar:/home/rs/.m2/repository/org/springframework/spring-tx/3.2.2.RELEASE/spring-tx-3.2.2.RELEASE.jar:"/>
    <property name="java.vm.specification.version" value="1.7"/>
    <property name="sun.arch.data.model" value="64"/>
    <property name="java.home" value="/usr/lib/jvm/java-7-openjdk-amd64/jre"/>
    <property name="sun.java.command" value="/home/rs/programming/pv168/pr/rentFinal/target/surefire/surefirebooter3081180165478882697.jar /home/rs/programming/pv168/pr/rentFinal/target/surefire/surefire1578688323236227242tmp /home/rs/programming/pv168/pr/rentFinal/target/surefire/surefire1060563543411559471tmp"/>
    <property name="java.specification.vendor" value="Oracle Corporation"/>
    <property name="user.language" value="en"/>
    <property name="awt.toolkit" value="sun.awt.X11.XToolkit"/>
    <property name="java.vm.info" value="mixed mode"/>
    <property name="java.version" value="1.7.0_79"/>
    <property name="java.ext.dirs" value="/usr/lib/jvm/java-7-openjdk-amd64/jre/lib/ext:/usr/java/packages/lib/ext"/>
    <property name="sun.boot.class.path" value="/usr/lib/jvm/java-7-openjdk-amd64/jre/lib/resources.jar:/usr/lib/jvm/java-7-openjdk-amd64/jre/lib/rt.jar:/usr/lib/jvm/java-7-openjdk-amd64/jre/lib/sunrsasign.jar:/usr/lib/jvm/java-7-openjdk-amd64/jre/lib/jsse.jar:/usr/lib/jvm/java-7-openjdk-amd64/jre/lib/jce.jar:/usr/lib/jvm/java-7-openjdk-amd64/jre/lib/charsets.jar:/usr/lib/jvm/java-7-openjdk-amd64/jre/lib/rhino.jar:/usr/lib/jvm/java-7-openjdk-amd64/jre/lib/jfr.jar:/usr/lib/jvm/java-7-openjdk-amd64/jre/classes"/>
    <property name="java.vendor" value="Oracle Corporation"/>
    <property name="localRepository" value="/home/rs/.m2/repository"/>
    <property name="file.separator" value="/"/>
    <property name="java.vendor.url.bug" value="http://bugreport.sun.com/bugreport/"/>
    <property name="sun.cpu.endian" value="little"/>
    <property name="sun.io.unicode.encoding" value="UnicodeLittle"/>
    <property name="sun.desktop" value="gnome"/>
    <property name="sun.cpu.isalist" value=""/>
  </properties>
  <testcase time="0.198" classname="cz.muni.fi.pv168.rent.VehicleManagerImplTest" name="deleteVehicle_ValidVehicle_VehicleShouldBeRemoved"/>
  <testcase time="0.084" classname="cz.muni.fi.pv168.rent.VehicleManagerImplTest" name="deleteVehicle_PassingNull_ExceptionShouldBeThrown"/>
  <testcase time="0.103" classname="cz.muni.fi.pv168.rent.VehicleManagerImplTest" name="setUp_VehicleManagerInitializationTest"/>
  <testcase time="0.086" classname="cz.muni.fi.pv168.rent.VehicleManagerImplTest" name="createVehicle_NullBrand_ExceptionShouldBeThrown"/>
  <testcase time="0.112" classname="cz.muni.fi.pv168.rent.VehicleManagerImplTest" name="createVehicle_WithSetId_ExceptionShouldBeThrown"/>
  <testcase time="0.138" classname="cz.muni.fi.pv168.rent.VehicleManagerImplTest" name="createVehicle_ValidVehicle_NewVehicleShouldBeCreated"/>
  <testcase time="0.105" classname="cz.muni.fi.pv168.rent.VehicleManagerImplTest" name="getVehiclesById_InvalidId_ShouldReturnNull"/>
  <testcase time="0.171" classname="cz.muni.fi.pv168.rent.VehicleManagerImplTest" name="getVehiclesById_NullId_ExceptionShouldBeThrown"/>
  <testcase time="0.084" classname="cz.muni.fi.pv168.rent.VehicleManagerImplTest" name="createVehicle_NullPrice_ExceptionShouldBeThrown"/>
  <testcase time="0.094" classname="cz.muni.fi.pv168.rent.VehicleManagerImplTest" name="deleteVehicle_VehicleDoesNotExist_NothingShouldNotBeDeleted"/>
  <testcase time="0.116" classname="cz.muni.fi.pv168.rent.VehicleManagerImplTest" name="createVehicle_AlreadyExistingVehicle_VehicleShouldNotBeCreated"/>
  <testcase time="0.081" classname="cz.muni.fi.pv168.rent.VehicleManagerImplTest" name="createVehicle_NegativePrice_ExceptionShouldBeThrown"/>
  <testcase time="0.068" classname="cz.muni.fi.pv168.rent.VehicleManagerImplTest" name="createVehicle_PassingNull_ExceptionShouldBeThrown"/>
  <testcase time="0.091" classname="cz.muni.fi.pv168.rent.VehicleManagerImplTest" name="getAllVehicles"/>
  <testcase time="0.132" classname="cz.muni.fi.pv168.rent.VehicleManagerImplTest" name="getVehiclesById_ValidId_ShouldReturnVehicle"/>
</testsuite>